time="2021-05-24T05:31:03-05:00" level=info msg="=============== Running Handlers Suite ======================"
time="2021-05-24T05:31:03-05:00" level=info msg="====== Running TestCheckWhitelistHandler ==========="
time="2021-05-24T05:31:03-05:00" level=info msg="====== Running TesStatusHandler ==========="
time="2021-05-24T05:31:03-05:00" level=info msg="========== Handlers Testsuite completed ==========="
time="2021-05-24T05:31:03-05:00" level=info msg="=============== Running Main Test Suite ======================"
time="2021-05-24T05:31:03-05:00" level=info msg="====== Running TestSetupDB ==========="
time="2021-05-24T05:31:03-05:00" level=info msg="====== Running TestSetupRouter ==========="
time="2021-05-24T05:31:03-05:00" level=info msg="========== Main Testsuite completed ==========="
time="2021-05-24T05:31:03-05:00" level=info msg="=============== Running Model Suite ======================"
time="2021-05-24T05:31:03-05:00" level=info msg="====== Running TestCheckWhitelist ==========="
time="2021-05-24T05:31:03-05:00" level=info msg="====== Running TestGetCountryData ==========="
time="2021-05-24T05:31:03-05:00" level=info msg="====== Running TestInvalidCheckWhitelist ==========="
time="2021-05-24T05:31:03-05:00" level=info msg="====== Running TestInvalidGetCountryData ==========="
time="2021-05-24T05:31:03-05:00" level=info msg="=============== Model Testsuite completed ======================"
time="2021-05-24T05:31:13-05:00" level=info msg="=============== Running Handlers Suite ======================"
time="2021-05-24T05:31:13-05:00" level=info msg="====== Running TestCheckWhitelistHandler ==========="
time="2021-05-24T05:31:13-05:00" level=info msg="====== Running TesStatusHandler ==========="
time="2021-05-24T05:31:13-05:00" level=info msg="========== Handlers Testsuite completed ==========="
time="2021-05-24T05:31:20-05:00" level=info msg="=============== Running Main Test Suite ======================"
time="2021-05-24T05:31:20-05:00" level=info msg="====== Running TestSetupDB ==========="
time="2021-05-24T05:31:20-05:00" level=info msg="====== Running TestSetupRouter ==========="
time="2021-05-24T05:31:20-05:00" level=info msg="========== Main Testsuite completed ==========="
time="2021-05-24T05:31:24-05:00" level=info msg="=============== Running Model Suite ======================"
time="2021-05-24T05:31:24-05:00" level=info msg="====== Running TestCheckWhitelist ==========="
time="2021-05-24T05:31:24-05:00" level=info msg="====== Running TestGetCountryData ==========="
time="2021-05-24T05:31:24-05:00" level=info msg="====== Running TestInvalidCheckWhitelist ==========="
time="2021-05-24T05:31:24-05:00" level=info msg="====== Running TestInvalidGetCountryData ==========="
time="2021-05-24T05:31:24-05:00" level=info msg="=============== Model Testsuite completed ======================"
time="2021-05-24T05:31:31-05:00" level=info msg="=============== Running Handlers Suite ======================"
time="2021-05-24T05:31:31-05:00" level=info msg="====== Running TestCheckWhitelistHandler ==========="
time="2021-05-24T05:31:31-05:00" level=info msg="====== Running TesStatusHandler ==========="
time="2021-05-24T05:31:31-05:00" level=info msg="========== Handlers Testsuite completed ==========="
time="2021-05-24T05:31:56-05:00" level=info msg="=============== Running Handlers Suite ======================"
time="2021-05-24T05:31:56-05:00" level=info msg="====== Running TestCheckWhitelistHandler ==========="
time="2021-05-24T05:31:56-05:00" level=info msg="====== Running TesStatusHandler ==========="
time="2021-05-24T05:31:56-05:00" level=info msg="========== Handlers Testsuite completed ==========="
time="2021-05-24T05:31:57-05:00" level=info msg="=============== Running Main Test Suite ======================"
time="2021-05-24T05:31:57-05:00" level=info msg="====== Running TestSetupDB ==========="
time="2021-05-24T05:31:57-05:00" level=info msg="====== Running TestSetupRouter ==========="
time="2021-05-24T05:31:57-05:00" level=info msg="========== Main Testsuite completed ==========="
time="2021-05-24T05:32:00-05:00" level=info msg="=============== Running Model Suite ======================"
time="2021-05-24T05:32:00-05:00" level=info msg="====== Running TestCheckWhitelist ==========="
time="2021-05-24T05:32:00-05:00" level=info msg="====== Running TestGetCountryData ==========="
time="2021-05-24T05:32:00-05:00" level=info msg="====== Running TestInvalidCheckWhitelist ==========="
time="2021-05-24T05:32:00-05:00" level=info msg="====== Running TestInvalidGetCountryData ==========="
time="2021-05-24T05:32:00-05:00" level=info msg="=============== Model Testsuite completed ======================"
time="2021-05-24T05:32:03-05:00" level=info msg="=============== Running Main Test Suite ======================"
time="2021-05-24T05:32:03-05:00" level=info msg="====== Running TestSetupDB ==========="
time="2021-05-24T05:32:03-05:00" level=info msg="====== Running TestSetupRouter ==========="
time="2021-05-24T05:32:03-05:00" level=info msg="========== Main Testsuite completed ==========="
time="2021-05-24T05:32:05-05:00" level=info msg="=============== Running Handlers Suite ======================"
time="2021-05-24T05:32:05-05:00" level=info msg="====== Running TestCheckWhitelistHandler ==========="
time="2021-05-24T05:32:05-05:00" level=info msg="====== Running TesStatusHandler ==========="
time="2021-05-24T05:32:05-05:00" level=info msg="========== Handlers Testsuite completed ==========="
